\BOOKMARK [1][-]{section.0.1}{Beschreibung}{}% 1
\BOOKMARK [0][-]{chapter.1}{Package\040ontologyFramework.OFDataMapping.primitiveDataMapper}{}% 2
\BOOKMARK [1][-]{section.1.1}{Klassen-Liste}{chapter.1}% 3
\BOOKMARK [1][-]{section.1.2}{Package-Beschreibung}{chapter.1}% 4
\BOOKMARK [1][-]{section.1.3}{FileDataType}{chapter.1}% 5
\BOOKMARK [2][-]{subsection.1.3.1}{Übersicht}{section.1.3}% 6
\BOOKMARK [2][-]{subsection.1.3.2}{Inhaltsverzeichnis}{section.1.3}% 7
\BOOKMARK [2][-]{subsection.1.3.3}{Konstruktoren}{section.1.3}% 8
\BOOKMARK [2][-]{subsection.1.3.4}{Methoden}{section.1.3}% 9
\BOOKMARK [1][-]{section.1.4}{IntegerMapper}{chapter.1}% 10
\BOOKMARK [2][-]{subsection.1.4.1}{Übersicht}{section.1.4}% 11
\BOOKMARK [2][-]{subsection.1.4.2}{Inhaltsverzeichnis}{section.1.4}% 12
\BOOKMARK [2][-]{subsection.1.4.3}{Konstruktoren}{section.1.4}% 13
\BOOKMARK [2][-]{subsection.1.4.4}{Methoden}{section.1.4}% 14
\BOOKMARK [1][-]{section.1.5}{BooleanDataMapper}{chapter.1}% 15
\BOOKMARK [2][-]{subsection.1.5.1}{Übersicht}{section.1.5}% 16
\BOOKMARK [2][-]{subsection.1.5.2}{Inhaltsverzeichnis}{section.1.5}% 17
\BOOKMARK [2][-]{subsection.1.5.3}{Variablen}{section.1.5}% 18
\BOOKMARK [2][-]{subsection.1.5.4}{Konstruktoren}{section.1.5}% 19
\BOOKMARK [2][-]{subsection.1.5.5}{Methoden}{section.1.5}% 20
\BOOKMARK [1][-]{section.1.6}{StringDataMapper}{chapter.1}% 21
\BOOKMARK [2][-]{subsection.1.6.1}{Übersicht}{section.1.6}% 22
\BOOKMARK [2][-]{subsection.1.6.2}{Inhaltsverzeichnis}{section.1.6}% 23
\BOOKMARK [2][-]{subsection.1.6.3}{Konstruktoren}{section.1.6}% 24
\BOOKMARK [2][-]{subsection.1.6.4}{Methoden}{section.1.6}% 25
\BOOKMARK [1][-]{section.1.7}{FloatDataMapper}{chapter.1}% 26
\BOOKMARK [2][-]{subsection.1.7.1}{Übersicht}{section.1.7}% 27
\BOOKMARK [2][-]{subsection.1.7.2}{Inhaltsverzeichnis}{section.1.7}% 28
\BOOKMARK [2][-]{subsection.1.7.3}{Variablen}{section.1.7}% 29
\BOOKMARK [2][-]{subsection.1.7.4}{Konstruktoren}{section.1.7}% 30
\BOOKMARK [2][-]{subsection.1.7.5}{Methoden}{section.1.7}% 31
\BOOKMARK [1][-]{section.1.8}{TimeStampDataMapper}{chapter.1}% 32
\BOOKMARK [2][-]{subsection.1.8.1}{Übersicht}{section.1.8}% 33
\BOOKMARK [2][-]{subsection.1.8.2}{Inhaltsverzeichnis}{section.1.8}% 34
\BOOKMARK [2][-]{subsection.1.8.3}{Konstruktoren}{section.1.8}% 35
\BOOKMARK [2][-]{subsection.1.8.4}{Methoden}{section.1.8}% 36
\BOOKMARK [0][-]{chapter.2}{Package\040ontologyFramework.OFEventManagement.OFEventParameter}{}% 37
\BOOKMARK [1][-]{section.2.1}{Klassen-Liste}{chapter.2}% 38
\BOOKMARK [1][-]{section.2.2}{Package-Beschreibung}{chapter.2}% 39
\BOOKMARK [1][-]{section.2.3}{AsString}{chapter.2}% 40
\BOOKMARK [2][-]{subsection.2.3.1}{Übersicht}{section.2.3}% 41
\BOOKMARK [2][-]{subsection.2.3.2}{Inhaltsverzeichnis}{section.2.3}% 42
\BOOKMARK [2][-]{subsection.2.3.3}{Konstruktoren}{section.2.3}% 43
\BOOKMARK [2][-]{subsection.2.3.4}{Methoden}{section.2.3}% 44
\BOOKMARK [1][-]{section.2.4}{AsOWLIndividual}{chapter.2}% 45
\BOOKMARK [2][-]{subsection.2.4.1}{Übersicht}{section.2.4}% 46
\BOOKMARK [2][-]{subsection.2.4.2}{Inhaltsverzeichnis}{section.2.4}% 47
\BOOKMARK [2][-]{subsection.2.4.3}{Konstruktoren}{section.2.4}% 48
\BOOKMARK [2][-]{subsection.2.4.4}{Methoden}{section.2.4}% 49
\BOOKMARK [1][-]{section.2.5}{AsOWLDataProperty}{chapter.2}% 50
\BOOKMARK [2][-]{subsection.2.5.1}{Übersicht}{section.2.5}% 51
\BOOKMARK [2][-]{subsection.2.5.2}{Inhaltsverzeichnis}{section.2.5}% 52
\BOOKMARK [2][-]{subsection.2.5.3}{Konstruktoren}{section.2.5}% 53
\BOOKMARK [2][-]{subsection.2.5.4}{Methoden}{section.2.5}% 54
\BOOKMARK [1][-]{section.2.6}{AsOWLObjectProperty}{chapter.2}% 55
\BOOKMARK [2][-]{subsection.2.6.1}{Übersicht}{section.2.6}% 56
\BOOKMARK [2][-]{subsection.2.6.2}{Inhaltsverzeichnis}{section.2.6}% 57
\BOOKMARK [2][-]{subsection.2.6.3}{Konstruktoren}{section.2.6}% 58
\BOOKMARK [2][-]{subsection.2.6.4}{Methoden}{section.2.6}% 59
\BOOKMARK [1][-]{section.2.7}{AsInteger}{chapter.2}% 60
\BOOKMARK [2][-]{subsection.2.7.1}{Übersicht}{section.2.7}% 61
\BOOKMARK [2][-]{subsection.2.7.2}{Inhaltsverzeichnis}{section.2.7}% 62
\BOOKMARK [2][-]{subsection.2.7.3}{Konstruktoren}{section.2.7}% 63
\BOOKMARK [2][-]{subsection.2.7.4}{Methoden}{section.2.7}% 64
\BOOKMARK [1][-]{section.2.8}{AsOWLClass}{chapter.2}% 65
\BOOKMARK [2][-]{subsection.2.8.1}{Übersicht}{section.2.8}% 66
\BOOKMARK [2][-]{subsection.2.8.2}{Inhaltsverzeichnis}{section.2.8}% 67
\BOOKMARK [2][-]{subsection.2.8.3}{Konstruktoren}{section.2.8}% 68
\BOOKMARK [2][-]{subsection.2.8.4}{Methoden}{section.2.8}% 69
\BOOKMARK [0][-]{chapter.3}{Package\040ontologyFramework.OFErrorManagement.OFGUI.individualGui}{}% 70
\BOOKMARK [1][-]{section.3.1}{Klassen-Liste}{chapter.3}% 71
\BOOKMARK [1][-]{section.3.2}{Package-Beschreibung}{chapter.3}% 72
\BOOKMARK [1][-]{section.3.3}{FollowingManager}{chapter.3}% 73
\BOOKMARK [2][-]{subsection.3.3.1}{Übersicht}{section.3.3}% 74
\BOOKMARK [2][-]{subsection.3.3.2}{Inhaltsverzeichnis}{section.3.3}% 75
\BOOKMARK [2][-]{subsection.3.3.3}{Konstruktoren}{section.3.3}% 76
\BOOKMARK [2][-]{subsection.3.3.4}{Methoden}{section.3.3}% 77
\BOOKMARK [1][-]{section.3.4}{ColorRenderer}{chapter.3}% 78
\BOOKMARK [2][-]{subsection.3.4.1}{Übersicht}{section.3.4}% 79
\BOOKMARK [2][-]{subsection.3.4.2}{Inhaltsverzeichnis}{section.3.4}% 80
\BOOKMARK [2][-]{subsection.3.4.3}{Konstruktoren}{section.3.4}% 81
\BOOKMARK [2][-]{subsection.3.4.4}{Methoden}{section.3.4}% 82
\BOOKMARK [1][-]{section.3.5}{EditorRunner}{chapter.3}% 83
\BOOKMARK [2][-]{subsection.3.5.1}{Übersicht}{section.3.5}% 84
\BOOKMARK [2][-]{subsection.3.5.2}{Inhaltsverzeichnis}{section.3.5}% 85
\BOOKMARK [2][-]{subsection.3.5.3}{Konstruktoren}{section.3.5}% 86
\BOOKMARK [2][-]{subsection.3.5.4}{Methoden}{section.3.5}% 87
\BOOKMARK [1][-]{section.3.6}{IndividualGuiRunner}{chapter.3}% 88
\BOOKMARK [2][-]{subsection.3.6.1}{Übersicht}{section.3.6}% 89
\BOOKMARK [2][-]{subsection.3.6.2}{Inhaltsverzeichnis}{section.3.6}% 90
\BOOKMARK [2][-]{subsection.3.6.3}{Konstruktoren}{section.3.6}% 91
\BOOKMARK [2][-]{subsection.3.6.4}{Methoden}{section.3.6}% 92
\BOOKMARK [1][-]{section.3.7}{ClassTableIndividual}{chapter.3}% 93
\BOOKMARK [2][-]{subsection.3.7.1}{Übersicht}{section.3.7}% 94
\BOOKMARK [2][-]{subsection.3.7.2}{Inhaltsverzeichnis}{section.3.7}% 95
\BOOKMARK [2][-]{subsection.3.7.3}{Konstruktoren}{section.3.7}% 96
\BOOKMARK [2][-]{subsection.3.7.4}{Methoden}{section.3.7}% 97
\BOOKMARK [1][-]{section.3.8}{ClassTableIndividual.MyTableModel}{chapter.3}% 98
\BOOKMARK [2][-]{subsection.3.8.1}{Übersicht}{section.3.8}% 99
\BOOKMARK [2][-]{subsection.3.8.2}{Inhaltsverzeichnis}{section.3.8}% 100
\BOOKMARK [2][-]{subsection.3.8.3}{Konstruktoren}{section.3.8}% 101
\BOOKMARK [2][-]{subsection.3.8.4}{Methoden}{section.3.8}% 102
\BOOKMARK [0][-]{chapter.4}{Package\040ontologyFramework.OFContextManagement.synchronisingManager}{}% 103
\BOOKMARK [1][-]{section.4.1}{Klassen-Liste}{chapter.4}% 104
\BOOKMARK [1][-]{section.4.2}{Package-Beschreibung}{chapter.4}% 105
\BOOKMARK [1][-]{section.4.3}{OFSynchroniserManagment}{chapter.4}% 106
\BOOKMARK [2][-]{subsection.4.3.1}{Übersicht}{section.4.3}% 107
\BOOKMARK [2][-]{subsection.4.3.2}{Inhaltsverzeichnis}{section.4.3}% 108
\BOOKMARK [2][-]{subsection.4.3.3}{Konstruktoren}{section.4.3}% 109
\BOOKMARK [2][-]{subsection.4.3.4}{Methoden}{section.4.3}% 110
\BOOKMARK [1][-]{section.4.4}{OFSerializeSynchroniserData}{chapter.4}% 111
\BOOKMARK [2][-]{subsection.4.4.1}{Übersicht}{section.4.4}% 112
\BOOKMARK [2][-]{subsection.4.4.2}{Inhaltsverzeichnis}{section.4.4}% 113
\BOOKMARK [2][-]{subsection.4.4.3}{Konstruktoren}{section.4.4}% 114
\BOOKMARK [2][-]{subsection.4.4.4}{Methoden}{section.4.4}% 115
\BOOKMARK [1][-]{section.4.5}{OFSynchroniserManagmentInterface}{chapter.4}% 116
\BOOKMARK [2][-]{subsection.4.5.1}{Übersicht}{section.4.5}% 117
\BOOKMARK [2][-]{subsection.4.5.2}{Inhaltsverzeichnis}{section.4.5}% 118
\BOOKMARK [2][-]{subsection.4.5.3}{Methoden}{section.4.5}% 119
\BOOKMARK [1][-]{section.4.6}{OFSynchroniserData}{chapter.4}% 120
\BOOKMARK [2][-]{subsection.4.6.1}{Übersicht}{section.4.6}% 121
\BOOKMARK [2][-]{subsection.4.6.2}{Inhaltsverzeichnis}{section.4.6}% 122
\BOOKMARK [2][-]{subsection.4.6.3}{Konstruktoren}{section.4.6}% 123
\BOOKMARK [2][-]{subsection.4.6.4}{Methoden}{section.4.6}% 124
\BOOKMARK [1][-]{section.4.7}{OFSynchroniserBuilder}{chapter.4}% 125
\BOOKMARK [2][-]{subsection.4.7.1}{Übersicht}{section.4.7}% 126
\BOOKMARK [2][-]{subsection.4.7.2}{Inhaltsverzeichnis}{section.4.7}% 127
\BOOKMARK [2][-]{subsection.4.7.3}{Konstruktoren}{section.4.7}% 128
\BOOKMARK [2][-]{subsection.4.7.4}{Methoden}{section.4.7}% 129
\BOOKMARK [0][-]{chapter.5}{Package\040ontologyFramework.OFDataMapping.complexDataType}{}% 130
\BOOKMARK [1][-]{section.5.1}{Klassen-Liste}{chapter.5}% 131
\BOOKMARK [1][-]{section.5.2}{Package-Beschreibung}{chapter.5}% 132
\BOOKMARK [1][-]{section.5.3}{TimeLine}{chapter.5}% 133
\BOOKMARK [2][-]{subsection.5.3.1}{Übersicht}{section.5.3}% 134
\BOOKMARK [2][-]{subsection.5.3.2}{Inhaltsverzeichnis}{section.5.3}% 135
\BOOKMARK [2][-]{subsection.5.3.3}{Variablen}{section.5.3}% 136
\BOOKMARK [2][-]{subsection.5.3.4}{Konstruktoren}{section.5.3}% 137
\BOOKMARK [2][-]{subsection.5.3.5}{Methoden}{section.5.3}% 138
\BOOKMARK [1][-]{section.5.4}{ProcedureDataMapper}{chapter.5}% 139
\BOOKMARK [2][-]{subsection.5.4.1}{Übersicht}{section.5.4}% 140
\BOOKMARK [2][-]{subsection.5.4.2}{Inhaltsverzeichnis}{section.5.4}% 141
\BOOKMARK [2][-]{subsection.5.4.3}{Konstruktoren}{section.5.4}% 142
\BOOKMARK [2][-]{subsection.5.4.4}{Methoden}{section.5.4}% 143
\BOOKMARK [1][-]{section.5.5}{ExceptionDataMapper}{chapter.5}% 144
\BOOKMARK [2][-]{subsection.5.5.1}{Übersicht}{section.5.5}% 145
\BOOKMARK [2][-]{subsection.5.5.2}{Inhaltsverzeichnis}{section.5.5}% 146
\BOOKMARK [2][-]{subsection.5.5.3}{Konstruktoren}{section.5.5}% 147
\BOOKMARK [2][-]{subsection.5.5.4}{Methoden}{section.5.5}% 148
\BOOKMARK [1][-]{section.5.6}{TimeWindowsDataMapper}{chapter.5}% 149
\BOOKMARK [2][-]{subsection.5.6.1}{Übersicht}{section.5.6}% 150
\BOOKMARK [2][-]{subsection.5.6.2}{Inhaltsverzeichnis}{section.5.6}% 151
\BOOKMARK [2][-]{subsection.5.6.3}{Konstruktoren}{section.5.6}% 152
\BOOKMARK [2][-]{subsection.5.6.4}{Methoden}{section.5.6}% 153
\BOOKMARK [0][-]{chapter.6}{Package\040ontologyFramework.OFErrorManagement.OFException}{}% 154
\BOOKMARK [1][-]{section.6.1}{Klassen-Liste}{chapter.6}% 155
\BOOKMARK [1][-]{section.6.2}{Package-Beschreibung}{chapter.6}% 156
\BOOKMARK [1][-]{section.6.3}{ExceptionNotifyer}{chapter.6}% 157
\BOOKMARK [2][-]{subsection.6.3.1}{Übersicht}{section.6.3}% 158
\BOOKMARK [2][-]{subsection.6.3.2}{Inhaltsverzeichnis}{section.6.3}% 159
\BOOKMARK [2][-]{subsection.6.3.3}{Konstruktoren}{section.6.3}% 160
\BOOKMARK [2][-]{subsection.6.3.4}{Methoden}{section.6.3}% 161
\BOOKMARK [1][-]{section.6.4}{OFExceptionBuilder}{chapter.6}% 162
\BOOKMARK [2][-]{subsection.6.4.1}{Übersicht}{section.6.4}% 163
\BOOKMARK [2][-]{subsection.6.4.2}{Inhaltsverzeichnis}{section.6.4}% 164
\BOOKMARK [2][-]{subsection.6.4.3}{Konstruktoren}{section.6.4}% 165
\BOOKMARK [2][-]{subsection.6.4.4}{Methoden}{section.6.4}% 166
\BOOKMARK [1][-]{section.6.5}{OFExceptionNotifierInterface}{chapter.6}% 167
\BOOKMARK [2][-]{subsection.6.5.1}{Übersicht}{section.6.5}% 168
\BOOKMARK [2][-]{subsection.6.5.2}{Inhaltsverzeichnis}{section.6.5}% 169
\BOOKMARK [2][-]{subsection.6.5.3}{Methoden}{section.6.5}% 170
\BOOKMARK [1][-]{section.6.6}{ExceptionData}{chapter.6}% 171
\BOOKMARK [2][-]{subsection.6.6.1}{Übersicht}{section.6.6}% 172
\BOOKMARK [2][-]{subsection.6.6.2}{Inhaltsverzeichnis}{section.6.6}% 173
\BOOKMARK [2][-]{subsection.6.6.3}{Konstruktoren}{section.6.6}% 174
\BOOKMARK [2][-]{subsection.6.6.4}{Methoden}{section.6.6}% 175
\BOOKMARK [0][-]{chapter.7}{Package\040ontologyFramework.OFErrorManagement.OFGUI}{}% 176
\BOOKMARK [1][-]{section.7.1}{Klassen-Liste}{chapter.7}% 177
\BOOKMARK [1][-]{section.7.2}{Package-Beschreibung}{chapter.7}% 178
\BOOKMARK [1][-]{section.7.3}{ClassExcange}{chapter.7}% 179
\BOOKMARK [2][-]{subsection.7.3.1}{Übersicht}{section.7.3}% 180
\BOOKMARK [2][-]{subsection.7.3.2}{Inhaltsverzeichnis}{section.7.3}% 181
\BOOKMARK [2][-]{subsection.7.3.3}{Variablen}{section.7.3}% 182
\BOOKMARK [2][-]{subsection.7.3.4}{Konstruktoren}{section.7.3}% 183
\BOOKMARK [2][-]{subsection.7.3.5}{Methoden}{section.7.3}% 184
\BOOKMARK [1][-]{section.7.4}{EntryInfo}{chapter.7}% 185
\BOOKMARK [2][-]{subsection.7.4.1}{Übersicht}{section.7.4}% 186
\BOOKMARK [2][-]{subsection.7.4.2}{Inhaltsverzeichnis}{section.7.4}% 187
\BOOKMARK [2][-]{subsection.7.4.3}{Variablen}{section.7.4}% 188
\BOOKMARK [2][-]{subsection.7.4.4}{Konstruktoren}{section.7.4}% 189
\BOOKMARK [2][-]{subsection.7.4.5}{Methoden}{section.7.4}% 190
\BOOKMARK [1][-]{section.7.5}{LoadOntology}{chapter.7}% 191
\BOOKMARK [2][-]{subsection.7.5.1}{Übersicht}{section.7.5}% 192
\BOOKMARK [2][-]{subsection.7.5.2}{Inhaltsverzeichnis}{section.7.5}% 193
\BOOKMARK [2][-]{subsection.7.5.3}{Konstruktoren}{section.7.5}% 194
\BOOKMARK [2][-]{subsection.7.5.4}{Methoden}{section.7.5}% 195
\BOOKMARK [1][-]{section.7.6}{MyFrame}{chapter.7}% 196
\BOOKMARK [2][-]{subsection.7.6.1}{Übersicht}{section.7.6}% 197
\BOOKMARK [2][-]{subsection.7.6.2}{Inhaltsverzeichnis}{section.7.6}% 198
\BOOKMARK [2][-]{subsection.7.6.3}{Konstruktoren}{section.7.6}% 199
\BOOKMARK [1][-]{section.7.7}{ClassTree}{chapter.7}% 200
\BOOKMARK [2][-]{subsection.7.7.1}{Übersicht}{section.7.7}% 201
\BOOKMARK [2][-]{subsection.7.7.2}{Inhaltsverzeichnis}{section.7.7}% 202
\BOOKMARK [2][-]{subsection.7.7.3}{Konstruktoren}{section.7.7}% 203
\BOOKMARK [2][-]{subsection.7.7.4}{Methoden}{section.7.7}% 204
\BOOKMARK [1][-]{section.7.8}{GuiRunner}{chapter.7}% 205
\BOOKMARK [2][-]{subsection.7.8.1}{Übersicht}{section.7.8}% 206
\BOOKMARK [2][-]{subsection.7.8.2}{Inhaltsverzeichnis}{section.7.8}% 207
\BOOKMARK [2][-]{subsection.7.8.3}{Konstruktoren}{section.7.8}% 208
\BOOKMARK [2][-]{subsection.7.8.4}{Methoden}{section.7.8}% 209
\BOOKMARK [1][-]{section.7.9}{ClassFindManager}{chapter.7}% 210
\BOOKMARK [2][-]{subsection.7.9.1}{Übersicht}{section.7.9}% 211
\BOOKMARK [2][-]{subsection.7.9.2}{Inhaltsverzeichnis}{section.7.9}% 212
\BOOKMARK [2][-]{subsection.7.9.3}{Konstruktoren}{section.7.9}% 213
\BOOKMARK [2][-]{subsection.7.9.4}{Methoden}{section.7.9}% 214
\BOOKMARK [1][-]{section.7.10}{ClassRootManager}{chapter.7}% 215
\BOOKMARK [2][-]{subsection.7.10.1}{Übersicht}{section.7.10}% 216
\BOOKMARK [2][-]{subsection.7.10.2}{Inhaltsverzeichnis}{section.7.10}% 217
\BOOKMARK [2][-]{subsection.7.10.3}{Konstruktoren}{section.7.10}% 218
\BOOKMARK [2][-]{subsection.7.10.4}{Methoden}{section.7.10}% 219
\BOOKMARK [0][-]{chapter.8}{Package\040ontologyFramework.OFRunning.OFInitialising}{}% 220
\BOOKMARK [1][-]{section.8.1}{Klassen-Liste}{chapter.8}% 221
\BOOKMARK [1][-]{section.8.2}{Package-Beschreibung}{chapter.8}% 222
\BOOKMARK [1][-]{section.8.3}{OFBuilderInterface}{chapter.8}% 223
\BOOKMARK [2][-]{subsection.8.3.1}{Übersicht}{section.8.3}% 224
\BOOKMARK [2][-]{subsection.8.3.2}{Inhaltsverzeichnis}{section.8.3}% 225
\BOOKMARK [2][-]{subsection.8.3.3}{Methoden}{section.8.3}% 226
\BOOKMARK [1][-]{section.8.4}{OFInitialiser}{chapter.8}% 227
\BOOKMARK [2][-]{subsection.8.4.1}{Übersicht}{section.8.4}% 228
\BOOKMARK [2][-]{subsection.8.4.2}{Inhaltsverzeichnis}{section.8.4}% 229
\BOOKMARK [2][-]{subsection.8.4.3}{Variablen}{section.8.4}% 230
\BOOKMARK [2][-]{subsection.8.4.4}{Konstruktoren}{section.8.4}% 231
\BOOKMARK [2][-]{subsection.8.4.5}{Methoden}{section.8.4}% 232
\BOOKMARK [1][-]{section.8.5}{OFBuilderCommon}{chapter.8}% 233
\BOOKMARK [2][-]{subsection.8.5.1}{Übersicht}{section.8.5}% 234
\BOOKMARK [2][-]{subsection.8.5.2}{Inhaltsverzeichnis}{section.8.5}% 235
\BOOKMARK [2][-]{subsection.8.5.3}{Variablen}{section.8.5}% 236
\BOOKMARK [2][-]{subsection.8.5.4}{Methoden}{section.8.5}% 237
\BOOKMARK [0][-]{chapter.9}{Package\040ontologyFramework.OFDataMapping.ReservatedDataType}{}% 238
\BOOKMARK [1][-]{section.9.1}{Klassen-Liste}{chapter.9}% 239
\BOOKMARK [1][-]{section.9.2}{Package-Beschreibung}{chapter.9}% 240
\BOOKMARK [1][-]{section.9.3}{NameMapper}{chapter.9}% 241
\BOOKMARK [2][-]{subsection.9.3.1}{Übersicht}{section.9.3}% 242
\BOOKMARK [2][-]{subsection.9.3.2}{Inhaltsverzeichnis}{section.9.3}% 243
\BOOKMARK [2][-]{subsection.9.3.3}{Variablen}{section.9.3}% 244
\BOOKMARK [2][-]{subsection.9.3.4}{Methoden}{section.9.3}% 245
\BOOKMARK [1][-]{section.9.4}{EventDefinitionDataMapper}{chapter.9}% 246
\BOOKMARK [2][-]{subsection.9.4.1}{Übersicht}{section.9.4}% 247
\BOOKMARK [2][-]{subsection.9.4.2}{Inhaltsverzeichnis}{section.9.4}% 248
\BOOKMARK [2][-]{subsection.9.4.3}{Methoden}{section.9.4}% 249
\BOOKMARK [1][-]{section.9.5}{EventComputeLowMapper}{chapter.9}% 250
\BOOKMARK [2][-]{subsection.9.5.1}{Übersicht}{section.9.5}% 251
\BOOKMARK [2][-]{subsection.9.5.2}{Inhaltsverzeichnis}{section.9.5}% 252
\BOOKMARK [2][-]{subsection.9.5.3}{Variablen}{section.9.5}% 253
\BOOKMARK [2][-]{subsection.9.5.4}{Methoden}{section.9.5}% 254
\BOOKMARK [1][-]{section.9.6}{AbsoluteTimeWindow}{chapter.9}% 255
\BOOKMARK [2][-]{subsection.9.6.1}{Übersicht}{section.9.6}% 256
\BOOKMARK [2][-]{subsection.9.6.2}{Inhaltsverzeichnis}{section.9.6}% 257
\BOOKMARK [2][-]{subsection.9.6.3}{Konstruktoren}{section.9.6}% 258
\BOOKMARK [2][-]{subsection.9.6.4}{Methoden}{section.9.6}% 259
\BOOKMARK [1][-]{section.9.7}{KeyWordsMapper}{chapter.9}% 260
\BOOKMARK [2][-]{subsection.9.7.1}{Übersicht}{section.9.7}% 261
\BOOKMARK [2][-]{subsection.9.7.2}{Inhaltsverzeichnis}{section.9.7}% 262
\BOOKMARK [2][-]{subsection.9.7.3}{Variablen}{section.9.7}% 263
\BOOKMARK [2][-]{subsection.9.7.4}{Methoden}{section.9.7}% 264
\BOOKMARK [1][-]{section.9.8}{Procedure}{chapter.9}% 265
\BOOKMARK [2][-]{subsection.9.8.1}{Übersicht}{section.9.8}% 266
\BOOKMARK [2][-]{subsection.9.8.2}{Inhaltsverzeichnis}{section.9.8}% 267
\BOOKMARK [2][-]{subsection.9.8.3}{Konstruktoren}{section.9.8}% 268
\BOOKMARK [2][-]{subsection.9.8.4}{Methoden}{section.9.8}% 269
\BOOKMARK [1][-]{section.9.9}{TimeWindow}{chapter.9}% 270
\BOOKMARK [2][-]{subsection.9.9.1}{Übersicht}{section.9.9}% 271
\BOOKMARK [2][-]{subsection.9.9.2}{Inhaltsverzeichnis}{section.9.9}% 272
\BOOKMARK [2][-]{subsection.9.9.3}{Konstruktoren}{section.9.9}% 273
\BOOKMARK [2][-]{subsection.9.9.4}{Methoden}{section.9.9}% 274
\BOOKMARK [0][-]{chapter.10}{Package\040ontologyFramework.OFEventManagement.OFLogicalEventManagement}{}% 275
\BOOKMARK [1][-]{section.10.1}{Klassen-Liste}{chapter.10}% 276
\BOOKMARK [1][-]{section.10.2}{Package-Beschreibung}{chapter.10}% 277
\BOOKMARK [1][-]{section.10.3}{OFEventBuilder}{chapter.10}% 278
\BOOKMARK [2][-]{subsection.10.3.1}{Übersicht}{section.10.3}% 279
\BOOKMARK [2][-]{subsection.10.3.2}{Inhaltsverzeichnis}{section.10.3}% 280
\BOOKMARK [2][-]{subsection.10.3.3}{Variablen}{section.10.3}% 281
\BOOKMARK [2][-]{subsection.10.3.4}{Konstruktoren}{section.10.3}% 282
\BOOKMARK [2][-]{subsection.10.3.5}{Methoden}{section.10.3}% 283
\BOOKMARK [1][-]{section.10.4}{OFEventInterface}{chapter.10}% 284
\BOOKMARK [2][-]{subsection.10.4.1}{Übersicht}{section.10.4}% 285
\BOOKMARK [2][-]{subsection.10.4.2}{Inhaltsverzeichnis}{section.10.4}% 286
\BOOKMARK [2][-]{subsection.10.4.3}{Methoden}{section.10.4}% 287
\BOOKMARK [1][-]{section.10.5}{OFEventDefinition}{chapter.10}% 288
\BOOKMARK [2][-]{subsection.10.5.1}{Übersicht}{section.10.5}% 289
\BOOKMARK [2][-]{subsection.10.5.2}{Inhaltsverzeichnis}{section.10.5}% 290
\BOOKMARK [2][-]{subsection.10.5.3}{Konstruktoren}{section.10.5}% 291
\BOOKMARK [2][-]{subsection.10.5.4}{Methoden}{section.10.5}% 292
\BOOKMARK [1][-]{section.10.6}{OFEventAggregation}{chapter.10}% 293
\BOOKMARK [2][-]{subsection.10.6.1}{Übersicht}{section.10.6}% 294
\BOOKMARK [2][-]{subsection.10.6.2}{Inhaltsverzeichnis}{section.10.6}% 295
\BOOKMARK [2][-]{subsection.10.6.3}{Konstruktoren}{section.10.6}% 296
\BOOKMARK [2][-]{subsection.10.6.4}{Methoden}{section.10.6}% 297
\BOOKMARK [0][-]{chapter.11}{Package\040ontologyFramework.OFErrorManagement}{}% 298
\BOOKMARK [1][-]{section.11.1}{Klassen-Liste}{chapter.11}% 299
\BOOKMARK [1][-]{section.11.2}{Package-Beschreibung}{chapter.11}% 300
\BOOKMARK [1][-]{section.11.3}{DebuggingClassFlagData}{chapter.11}% 301
\BOOKMARK [2][-]{subsection.11.3.1}{Übersicht}{section.11.3}% 302
\BOOKMARK [2][-]{subsection.11.3.2}{Inhaltsverzeichnis}{section.11.3}% 303
\BOOKMARK [2][-]{subsection.11.3.3}{Variablen}{section.11.3}% 304
\BOOKMARK [2][-]{subsection.11.3.4}{Methoden}{section.11.3}% 305
\BOOKMARK [1][-]{section.11.4}{OFDebugLogger}{chapter.11}% 306
\BOOKMARK [2][-]{subsection.11.4.1}{Übersicht}{section.11.4}% 307
\BOOKMARK [2][-]{subsection.11.4.2}{Inhaltsverzeichnis}{section.11.4}% 308
\BOOKMARK [2][-]{subsection.11.4.3}{Variablen}{section.11.4}% 309
\BOOKMARK [2][-]{subsection.11.4.4}{Konstruktoren}{section.11.4}% 310
\BOOKMARK [2][-]{subsection.11.4.5}{Methoden}{section.11.4}% 311
\BOOKMARK [1][-]{section.11.5}{ShowError}{chapter.11}% 312
\BOOKMARK [2][-]{subsection.11.5.1}{Übersicht}{section.11.5}% 313
\BOOKMARK [2][-]{subsection.11.5.2}{Inhaltsverzeichnis}{section.11.5}% 314
\BOOKMARK [2][-]{subsection.11.5.3}{Konstruktoren}{section.11.5}% 315
\BOOKMARK [2][-]{subsection.11.5.4}{Methoden}{section.11.5}% 316
\BOOKMARK [1][-]{section.11.6}{FileManager}{chapter.11}% 317
\BOOKMARK [2][-]{subsection.11.6.1}{Übersicht}{section.11.6}% 318
\BOOKMARK [2][-]{subsection.11.6.2}{Inhaltsverzeichnis}{section.11.6}% 319
\BOOKMARK [2][-]{subsection.11.6.3}{Variablen}{section.11.6}% 320
\BOOKMARK [2][-]{subsection.11.6.4}{Konstruktoren}{section.11.6}% 321
\BOOKMARK [2][-]{subsection.11.6.5}{Methoden}{section.11.6}% 322
\BOOKMARK [0][-]{chapter.12}{Package\040ontologyFramework.OFDataMapping}{}% 323
\BOOKMARK [1][-]{section.12.1}{Klassen-Liste}{chapter.12}% 324
\BOOKMARK [1][-]{section.12.2}{Package-Beschreibung}{chapter.12}% 325
\BOOKMARK [1][-]{section.12.3}{OFDataMapperBuilder}{chapter.12}% 326
\BOOKMARK [2][-]{subsection.12.3.1}{Übersicht}{section.12.3}% 327
\BOOKMARK [2][-]{subsection.12.3.2}{Inhaltsverzeichnis}{section.12.3}% 328
\BOOKMARK [2][-]{subsection.12.3.3}{Konstruktoren}{section.12.3}% 329
\BOOKMARK [2][-]{subsection.12.3.4}{Methoden}{section.12.3}% 330
\BOOKMARK [1][-]{section.12.4}{OFDataMapperInterface}{chapter.12}% 331
\BOOKMARK [2][-]{subsection.12.4.1}{Übersicht}{section.12.4}% 332
\BOOKMARK [2][-]{subsection.12.4.2}{Inhaltsverzeichnis}{section.12.4}% 333
\BOOKMARK [2][-]{subsection.12.4.3}{Methoden}{section.12.4}% 334
\BOOKMARK [0][-]{chapter.13}{Package\040ontologyFramework.OFEventManagement.OFLogicalEventManagement.OFEventImplementation}{}% 335
\BOOKMARK [1][-]{section.13.1}{Klassen-Liste}{chapter.13}% 336
\BOOKMARK [1][-]{section.13.2}{Package-Beschreibung}{chapter.13}% 337
\BOOKMARK [1][-]{section.13.3}{IsInClass}{chapter.13}% 338
\BOOKMARK [2][-]{subsection.13.3.1}{Übersicht}{section.13.3}% 339
\BOOKMARK [2][-]{subsection.13.3.2}{Inhaltsverzeichnis}{section.13.3}% 340
\BOOKMARK [2][-]{subsection.13.3.3}{Konstruktoren}{section.13.3}% 341
\BOOKMARK [2][-]{subsection.13.3.4}{Methoden}{section.13.3}% 342
\BOOKMARK [1][-]{section.13.4}{HasBooleanTrue}{chapter.13}% 343
\BOOKMARK [2][-]{subsection.13.4.1}{Übersicht}{section.13.4}% 344
\BOOKMARK [2][-]{subsection.13.4.2}{Inhaltsverzeichnis}{section.13.4}% 345
\BOOKMARK [2][-]{subsection.13.4.3}{Konstruktoren}{section.13.4}% 346
\BOOKMARK [2][-]{subsection.13.4.4}{Methoden}{section.13.4}% 347
\BOOKMARK [1][-]{section.13.5}{HasDifferentClassState}{chapter.13}% 348
\BOOKMARK [2][-]{subsection.13.5.1}{Übersicht}{section.13.5}% 349
\BOOKMARK [2][-]{subsection.13.5.2}{Inhaltsverzeichnis}{section.13.5}% 350
\BOOKMARK [2][-]{subsection.13.5.3}{Konstruktoren}{section.13.5}% 351
\BOOKMARK [2][-]{subsection.13.5.4}{Methoden}{section.13.5}% 352
\BOOKMARK [0][-]{chapter.14}{Package\040ontologyFramework.OFEventManagement.OFTimeTriggerManagement.OFTimeTriggerImplementation}{}% 353
\BOOKMARK [1][-]{section.14.1}{Klassen-Liste}{chapter.14}% 354
\BOOKMARK [1][-]{section.14.2}{Package-Beschreibung}{chapter.14}% 355
\BOOKMARK [1][-]{section.14.3}{TriggFrequently}{chapter.14}% 356
\BOOKMARK [2][-]{subsection.14.3.1}{Übersicht}{section.14.3}% 357
\BOOKMARK [2][-]{subsection.14.3.2}{Inhaltsverzeichnis}{section.14.3}% 358
\BOOKMARK [2][-]{subsection.14.3.3}{Konstruktoren}{section.14.3}% 359
\BOOKMARK [2][-]{subsection.14.3.4}{Methoden}{section.14.3}% 360
\BOOKMARK [1][-]{section.14.4}{TriggerNow}{chapter.14}% 361
\BOOKMARK [2][-]{subsection.14.4.1}{Übersicht}{section.14.4}% 362
\BOOKMARK [2][-]{subsection.14.4.2}{Inhaltsverzeichnis}{section.14.4}% 363
\BOOKMARK [2][-]{subsection.14.4.3}{Konstruktoren}{section.14.4}% 364
\BOOKMARK [2][-]{subsection.14.4.4}{Methoden}{section.14.4}% 365
\BOOKMARK [0][-]{chapter.15}{Package\040ontologyFramework.OFRunning}{}% 366
\BOOKMARK [1][-]{section.15.1}{Klassen-Liste}{chapter.15}% 367
\BOOKMARK [1][-]{section.15.2}{Package-Beschreibung}{chapter.15}% 368
\BOOKMARK [1][-]{section.15.3}{OFSystemState}{chapter.15}% 369
\BOOKMARK [2][-]{subsection.15.3.1}{Übersicht}{section.15.3}% 370
\BOOKMARK [2][-]{subsection.15.3.2}{Inhaltsverzeichnis}{section.15.3}% 371
\BOOKMARK [2][-]{subsection.15.3.3}{Variablen}{section.15.3}% 372
\BOOKMARK [2][-]{subsection.15.3.4}{Konstruktoren}{section.15.3}% 373
\BOOKMARK [2][-]{subsection.15.3.5}{Methoden}{section.15.3}% 374
\BOOKMARK [1][-]{section.15.4}{OFSerializator}{chapter.15}% 375
\BOOKMARK [2][-]{subsection.15.4.1}{Übersicht}{section.15.4}% 376
\BOOKMARK [2][-]{subsection.15.4.2}{Inhaltsverzeichnis}{section.15.4}% 377
\BOOKMARK [2][-]{subsection.15.4.3}{Variablen}{section.15.4}% 378
\BOOKMARK [2][-]{subsection.15.4.4}{Methoden}{section.15.4}% 379
\BOOKMARK [0][-]{chapter.16}{Package\040ontologyFramework.OFEventManagement}{}% 380
\BOOKMARK [1][-]{section.16.1}{Klassen-Liste}{chapter.16}% 381
\BOOKMARK [1][-]{section.16.2}{Package-Beschreibung}{chapter.16}% 382
\BOOKMARK [1][-]{section.16.3}{OFEventRepresentation}{chapter.16}% 383
\BOOKMARK [2][-]{subsection.16.3.1}{Übersicht}{section.16.3}% 384
\BOOKMARK [2][-]{subsection.16.3.2}{Inhaltsverzeichnis}{section.16.3}% 385
\BOOKMARK [2][-]{subsection.16.3.3}{Konstruktoren}{section.16.3}% 386
\BOOKMARK [2][-]{subsection.16.3.4}{Methoden}{section.16.3}% 387
\BOOKMARK [1][-]{section.16.4}{OFEventParameterDefinition}{chapter.16}% 388
\BOOKMARK [2][-]{subsection.16.4.1}{Übersicht}{section.16.4}% 389
\BOOKMARK [2][-]{subsection.16.4.2}{Inhaltsverzeichnis}{section.16.4}% 390
\BOOKMARK [2][-]{subsection.16.4.3}{Konstruktoren}{section.16.4}% 391
\BOOKMARK [2][-]{subsection.16.4.4}{Methoden}{section.16.4}% 392
\BOOKMARK [1][-]{section.16.5}{EventComputedData}{chapter.16}% 393
\BOOKMARK [2][-]{subsection.16.5.1}{Übersicht}{section.16.5}% 394
\BOOKMARK [2][-]{subsection.16.5.2}{Inhaltsverzeichnis}{section.16.5}% 395
\BOOKMARK [2][-]{subsection.16.5.3}{Konstruktoren}{section.16.5}% 396
\BOOKMARK [2][-]{subsection.16.5.4}{Methoden}{section.16.5}% 397
\BOOKMARK [1][-]{section.16.6}{OFEventParameterInterface}{chapter.16}% 398
\BOOKMARK [2][-]{subsection.16.6.1}{Übersicht}{section.16.6}% 399
\BOOKMARK [2][-]{subsection.16.6.2}{Inhaltsverzeichnis}{section.16.6}% 400
\BOOKMARK [2][-]{subsection.16.6.3}{Methoden}{section.16.6}% 401
\BOOKMARK [0][-]{chapter.17}{Package\040ontologyFramework.OFEventManagement.OFTimeTriggerManagement}{}% 402
\BOOKMARK [1][-]{section.17.1}{Klassen-Liste}{chapter.17}% 403
\BOOKMARK [1][-]{section.17.2}{Package-Beschreibung}{chapter.17}% 404
\BOOKMARK [1][-]{section.17.3}{OFTimeTriggerDefinition}{chapter.17}% 405
\BOOKMARK [2][-]{subsection.17.3.1}{Übersicht}{section.17.3}% 406
\BOOKMARK [2][-]{subsection.17.3.2}{Inhaltsverzeichnis}{section.17.3}% 407
\BOOKMARK [2][-]{subsection.17.3.3}{Konstruktoren}{section.17.3}% 408
\BOOKMARK [2][-]{subsection.17.3.4}{Methoden}{section.17.3}% 409
\BOOKMARK [1][-]{section.17.4}{OFTimeTriggerBuilder}{chapter.17}% 410
\BOOKMARK [2][-]{subsection.17.4.1}{Übersicht}{section.17.4}% 411
\BOOKMARK [2][-]{subsection.17.4.2}{Inhaltsverzeichnis}{section.17.4}% 412
\BOOKMARK [2][-]{subsection.17.4.3}{Konstruktoren}{section.17.4}% 413
\BOOKMARK [2][-]{subsection.17.4.4}{Methoden}{section.17.4}% 414
\BOOKMARK [1][-]{section.17.5}{OFTimeTriggerInterface}{chapter.17}% 415
\BOOKMARK [2][-]{subsection.17.5.1}{Übersicht}{section.17.5}% 416
\BOOKMARK [2][-]{subsection.17.5.2}{Inhaltsverzeichnis}{section.17.5}% 417
\BOOKMARK [2][-]{subsection.17.5.3}{Methoden}{section.17.5}% 418
\BOOKMARK [0][-]{chapter.18}{Package\040ontologyFramework.OFRunning.OFInvokingManager}{}% 419
\BOOKMARK [1][-]{section.18.1}{Klassen-Liste}{chapter.18}% 420
\BOOKMARK [1][-]{section.18.2}{Package-Beschreibung}{chapter.18}% 421
\BOOKMARK [1][-]{section.18.3}{ReflactionInstanciater}{chapter.18}% 422
\BOOKMARK [2][-]{subsection.18.3.1}{Übersicht}{section.18.3}% 423
\BOOKMARK [2][-]{subsection.18.3.2}{Inhaltsverzeichnis}{section.18.3}% 424
\BOOKMARK [2][-]{subsection.18.3.3}{Variablen}{section.18.3}% 425
\BOOKMARK [2][-]{subsection.18.3.4}{Methoden}{section.18.3}% 426
\BOOKMARK [1][-]{section.18.4}{OFBuildedListInvoker}{chapter.18}% 427
\BOOKMARK [2][-]{subsection.18.4.1}{Übersicht}{section.18.4}% 428
\BOOKMARK [2][-]{subsection.18.4.2}{Inhaltsverzeichnis}{section.18.4}% 429
\BOOKMARK [2][-]{subsection.18.4.3}{Konstruktoren}{section.18.4}% 430
\BOOKMARK [2][-]{subsection.18.4.4}{Methoden}{section.18.4}% 431
\BOOKMARK [0][-]{chapter.19}{Package\040ontologyFramework.OFErrorManagement.OFGUI.allInstancesGUI}{}% 432
\BOOKMARK [1][-]{section.19.1}{Klassen-Liste}{chapter.19}% 433
\BOOKMARK [1][-]{section.19.2}{Package-Beschreibung}{chapter.19}% 434
\BOOKMARK [1][-]{section.19.3}{ClassTableLog}{chapter.19}% 435
\BOOKMARK [2][-]{subsection.19.3.1}{Übersicht}{section.19.3}% 436
\BOOKMARK [2][-]{subsection.19.3.2}{Inhaltsverzeichnis}{section.19.3}% 437
\BOOKMARK [2][-]{subsection.19.3.3}{Konstruktoren}{section.19.3}% 438
\BOOKMARK [2][-]{subsection.19.3.4}{Methoden}{section.19.3}% 439
\BOOKMARK [1][-]{section.19.4}{ClassTableLog.MyTableModel}{chapter.19}% 440
\BOOKMARK [2][-]{subsection.19.4.1}{Übersicht}{section.19.4}% 441
\BOOKMARK [2][-]{subsection.19.4.2}{Inhaltsverzeichnis}{section.19.4}% 442
\BOOKMARK [2][-]{subsection.19.4.3}{Konstruktoren}{section.19.4}% 443
\BOOKMARK [2][-]{subsection.19.4.4}{Methoden}{section.19.4}% 444
\BOOKMARK [1][-]{section.19.5}{LegendRunner}{chapter.19}% 445
\BOOKMARK [2][-]{subsection.19.5.1}{Übersicht}{section.19.5}% 446
\BOOKMARK [2][-]{subsection.19.5.2}{Inhaltsverzeichnis}{section.19.5}% 447
\BOOKMARK [2][-]{subsection.19.5.3}{Konstruktoren}{section.19.5}% 448
\BOOKMARK [2][-]{subsection.19.5.4}{Methoden}{section.19.5}% 449
\BOOKMARK [1][-]{section.19.6}{ColorRenderer}{chapter.19}% 450
\BOOKMARK [2][-]{subsection.19.6.1}{Übersicht}{section.19.6}% 451
\BOOKMARK [2][-]{subsection.19.6.2}{Inhaltsverzeichnis}{section.19.6}% 452
\BOOKMARK [2][-]{subsection.19.6.3}{Konstruktoren}{section.19.6}% 453
\BOOKMARK [2][-]{subsection.19.6.4}{Methoden}{section.19.6}% 454
\BOOKMARK [1][-]{section.19.7}{ClassTableInstance}{chapter.19}% 455
\BOOKMARK [2][-]{subsection.19.7.1}{Übersicht}{section.19.7}% 456
\BOOKMARK [2][-]{subsection.19.7.2}{Inhaltsverzeichnis}{section.19.7}% 457
\BOOKMARK [2][-]{subsection.19.7.3}{Konstruktoren}{section.19.7}% 458
\BOOKMARK [2][-]{subsection.19.7.4}{Methoden}{section.19.7}% 459
\BOOKMARK [1][-]{section.19.8}{ClassTableInstance.MyTableModel}{chapter.19}% 460
\BOOKMARK [2][-]{subsection.19.8.1}{Übersicht}{section.19.8}% 461
\BOOKMARK [2][-]{subsection.19.8.2}{Inhaltsverzeichnis}{section.19.8}% 462
\BOOKMARK [2][-]{subsection.19.8.3}{Konstruktoren}{section.19.8}% 463
\BOOKMARK [2][-]{subsection.19.8.4}{Methoden}{section.19.8}% 464
\BOOKMARK [1][-]{section.19.9}{AllinstancesRunner}{chapter.19}% 465
\BOOKMARK [2][-]{subsection.19.9.1}{Übersicht}{section.19.9}% 466
\BOOKMARK [2][-]{subsection.19.9.2}{Inhaltsverzeichnis}{section.19.9}% 467
\BOOKMARK [2][-]{subsection.19.9.3}{Konstruktoren}{section.19.9}% 468
\BOOKMARK [1][-]{section.19.10}{Broswere}{chapter.19}% 469
\BOOKMARK [2][-]{subsection.19.10.1}{Übersicht}{section.19.10}% 470
\BOOKMARK [2][-]{subsection.19.10.2}{Inhaltsverzeichnis}{section.19.10}% 471
\BOOKMARK [2][-]{subsection.19.10.3}{Konstruktoren}{section.19.10}% 472
\BOOKMARK [2][-]{subsection.19.10.4}{Methoden}{section.19.10}% 473
\BOOKMARK [1][-]{section.19.11}{FrameworkSerializator}{chapter.19}% 474
\BOOKMARK [2][-]{subsection.19.11.1}{Übersicht}{section.19.11}% 475
\BOOKMARK [2][-]{subsection.19.11.2}{Inhaltsverzeichnis}{section.19.11}% 476
\BOOKMARK [2][-]{subsection.19.11.3}{Variablen}{section.19.11}% 477
\BOOKMARK [2][-]{subsection.19.11.4}{Konstruktoren}{section.19.11}% 478
\BOOKMARK [2][-]{subsection.19.11.5}{Methoden}{section.19.11}% 479
\BOOKMARK [0][-]{chapter.20}{Package\040ontologyFramework.OFProcedureManagment.OFProcedureImplementation}{}% 480
\BOOKMARK [1][-]{section.20.1}{Klassen-Liste}{chapter.20}% 481
\BOOKMARK [1][-]{section.20.2}{Package-Beschreibung}{chapter.20}% 482
\BOOKMARK [1][-]{section.20.3}{AlgorithmCheckerJob}{chapter.20}% 483
\BOOKMARK [2][-]{subsection.20.3.1}{Übersicht}{section.20.3}% 484
\BOOKMARK [2][-]{subsection.20.3.2}{Inhaltsverzeichnis}{section.20.3}% 485
\BOOKMARK [2][-]{subsection.20.3.3}{Konstruktoren}{section.20.3}% 486
\BOOKMARK [2][-]{subsection.20.3.4}{Methoden}{section.20.3}% 487
\BOOKMARK [1][-]{section.20.4}{AlgorithmMainJob}{chapter.20}% 488
\BOOKMARK [2][-]{subsection.20.4.1}{Übersicht}{section.20.4}% 489
\BOOKMARK [2][-]{subsection.20.4.2}{Inhaltsverzeichnis}{section.20.4}% 490
\BOOKMARK [2][-]{subsection.20.4.3}{Konstruktoren}{section.20.4}% 491
\BOOKMARK [1][-]{section.20.5}{ClockUpdater}{chapter.20}% 492
\BOOKMARK [2][-]{subsection.20.5.1}{Übersicht}{section.20.5}% 493
\BOOKMARK [2][-]{subsection.20.5.2}{Inhaltsverzeichnis}{section.20.5}% 494
\BOOKMARK [2][-]{subsection.20.5.3}{Konstruktoren}{section.20.5}% 495
\BOOKMARK [1][-]{section.20.6}{OFJobAbstract}{chapter.20}% 496
\BOOKMARK [2][-]{subsection.20.6.1}{Übersicht}{section.20.6}% 497
\BOOKMARK [2][-]{subsection.20.6.2}{Inhaltsverzeichnis}{section.20.6}% 498
\BOOKMARK [2][-]{subsection.20.6.3}{Variablen}{section.20.6}% 499
\BOOKMARK [2][-]{subsection.20.6.4}{Konstruktoren}{section.20.6}% 500
\BOOKMARK [2][-]{subsection.20.6.5}{Methoden}{section.20.6}% 501
\BOOKMARK [1][-]{section.20.7}{ReasonerUpdater}{chapter.20}% 502
\BOOKMARK [2][-]{subsection.20.7.1}{Übersicht}{section.20.7}% 503
\BOOKMARK [2][-]{subsection.20.7.2}{Inhaltsverzeichnis}{section.20.7}% 504
\BOOKMARK [2][-]{subsection.20.7.3}{Konstruktoren}{section.20.7}% 505
\BOOKMARK [1][-]{section.20.8}{Cleaner}{chapter.20}% 506
\BOOKMARK [2][-]{subsection.20.8.1}{Übersicht}{section.20.8}% 507
\BOOKMARK [2][-]{subsection.20.8.2}{Inhaltsverzeichnis}{section.20.8}% 508
\BOOKMARK [2][-]{subsection.20.8.3}{Konstruktoren}{section.20.8}% 509
\BOOKMARK [0][-]{chapter.21}{Package\040ontologyFramework.OFContextManagement}{}% 510
\BOOKMARK [1][-]{section.21.1}{Klassen-Liste}{chapter.21}% 511
\BOOKMARK [1][-]{section.21.2}{Package-Beschreibung}{chapter.21}% 512
\BOOKMARK [1][-]{section.21.3}{OWLLibrary}{chapter.21}% 513
\BOOKMARK [2][-]{subsection.21.3.1}{Übersicht}{section.21.3}% 514
\BOOKMARK [2][-]{subsection.21.3.2}{Inhaltsverzeichnis}{section.21.3}% 515
\BOOKMARK [2][-]{subsection.21.3.3}{Variablen}{section.21.3}% 516
\BOOKMARK [2][-]{subsection.21.3.4}{Methoden}{section.21.3}% 517
\BOOKMARK [1][-]{section.21.4}{OWLReferences}{chapter.21}% 518
\BOOKMARK [2][-]{subsection.21.4.1}{Übersicht}{section.21.4}% 519
\BOOKMARK [2][-]{subsection.21.4.2}{Inhaltsverzeichnis}{section.21.4}% 520
\BOOKMARK [2][-]{subsection.21.4.3}{Variablen}{section.21.4}% 521
\BOOKMARK [2][-]{subsection.21.4.4}{Konstruktoren}{section.21.4}% 522
\BOOKMARK [2][-]{subsection.21.4.5}{Methoden}{section.21.4}% 523
\BOOKMARK [1][-]{section.21.5}{OFReasonerProgressMonitor}{chapter.21}% 524
\BOOKMARK [2][-]{subsection.21.5.1}{Übersicht}{section.21.5}% 525
\BOOKMARK [2][-]{subsection.21.5.2}{Inhaltsverzeichnis}{section.21.5}% 526
\BOOKMARK [2][-]{subsection.21.5.3}{Konstruktoren}{section.21.5}% 527
\BOOKMARK [2][-]{subsection.21.5.4}{Methoden}{section.21.5}% 528
\BOOKMARK [1][-]{section.21.6}{OWLReferencesSerializable}{chapter.21}% 529
\BOOKMARK [2][-]{subsection.21.6.1}{Übersicht}{section.21.6}% 530
\BOOKMARK [2][-]{subsection.21.6.2}{Inhaltsverzeichnis}{section.21.6}% 531
\BOOKMARK [2][-]{subsection.21.6.3}{Konstruktoren}{section.21.6}% 532
\BOOKMARK [2][-]{subsection.21.6.4}{Methoden}{section.21.6}% 533
\BOOKMARK [1][-]{section.21.7}{InferedAxiomExporter}{chapter.21}% 534
\BOOKMARK [2][-]{subsection.21.7.1}{Übersicht}{section.21.7}% 535
\BOOKMARK [2][-]{subsection.21.7.2}{Inhaltsverzeichnis}{section.21.7}% 536
\BOOKMARK [2][-]{subsection.21.7.3}{Methoden}{section.21.7}% 537
\BOOKMARK [0][-]{chapter.22}{Package\040ontologyFramework.OFProcedureManagment}{}% 538
\BOOKMARK [1][-]{section.22.1}{Klassen-Liste}{chapter.22}% 539
\BOOKMARK [1][-]{section.22.2}{Package-Beschreibung}{chapter.22}% 540
\BOOKMARK [1][-]{section.22.3}{Algorithm}{chapter.22}% 541
\BOOKMARK [2][-]{subsection.22.3.1}{Übersicht}{section.22.3}% 542
\BOOKMARK [2][-]{subsection.22.3.2}{Inhaltsverzeichnis}{section.22.3}% 543
\BOOKMARK [2][-]{subsection.22.3.3}{Variablen}{section.22.3}% 544
\BOOKMARK [2][-]{subsection.22.3.4}{Konstruktoren}{section.22.3}% 545
\BOOKMARK [2][-]{subsection.22.3.5}{Methoden}{section.22.3}% 546
\BOOKMARK [1][-]{section.22.4}{OFProcedureBuilder}{chapter.22}% 547
\BOOKMARK [2][-]{subsection.22.4.1}{Übersicht}{section.22.4}% 548
\BOOKMARK [2][-]{subsection.22.4.2}{Inhaltsverzeichnis}{section.22.4}% 549
\BOOKMARK [2][-]{subsection.22.4.3}{Konstruktoren}{section.22.4}% 550
\BOOKMARK [2][-]{subsection.22.4.4}{Methoden}{section.22.4}% 551
\BOOKMARK [1][-]{section.22.5}{OFProcedureSynchronisation}{chapter.22}% 552
\BOOKMARK [2][-]{subsection.22.5.1}{Übersicht}{section.22.5}% 553
\BOOKMARK [2][-]{subsection.22.5.2}{Inhaltsverzeichnis}{section.22.5}% 554
\BOOKMARK [2][-]{subsection.22.5.3}{Konstruktoren}{section.22.5}% 555
\BOOKMARK [2][-]{subsection.22.5.4}{Methoden}{section.22.5}% 556
\BOOKMARK [1][-]{section.22.6}{OFProcedureInterface}{chapter.22}% 557
\BOOKMARK [2][-]{subsection.22.6.1}{Übersicht}{section.22.6}% 558
\BOOKMARK [2][-]{subsection.22.6.2}{Inhaltsverzeichnis}{section.22.6}% 559
\BOOKMARK [2][-]{subsection.22.6.3}{Methoden}{section.22.6}% 560
\BOOKMARK [1][-]{section.22.7}{ProcedureConcurrenceData}{chapter.22}% 561
\BOOKMARK [2][-]{subsection.22.7.1}{Übersicht}{section.22.7}% 562
\BOOKMARK [2][-]{subsection.22.7.2}{Inhaltsverzeichnis}{section.22.7}% 563
\BOOKMARK [2][-]{subsection.22.7.3}{Variablen}{section.22.7}% 564
\BOOKMARK [2][-]{subsection.22.7.4}{Konstruktoren}{section.22.7}% 565
\BOOKMARK [2][-]{subsection.22.7.5}{Methoden}{section.22.7}% 566
\BOOKMARK [1][-]{section.22.8}{OFSchedulingBuilder}{chapter.22}% 567
\BOOKMARK [2][-]{subsection.22.8.1}{Übersicht}{section.22.8}% 568
\BOOKMARK [2][-]{subsection.22.8.2}{Inhaltsverzeichnis}{section.22.8}% 569
\BOOKMARK [2][-]{subsection.22.8.3}{Konstruktoren}{section.22.8}% 570
\BOOKMARK [2][-]{subsection.22.8.4}{Methoden}{section.22.8}% 571
\BOOKMARK [1][-]{section.22.9}{ProcedureConcurrenceManager}{chapter.22}% 572
\BOOKMARK [2][-]{subsection.22.9.1}{Übersicht}{section.22.9}% 573
\BOOKMARK [2][-]{subsection.22.9.2}{Inhaltsverzeichnis}{section.22.9}% 574
\BOOKMARK [2][-]{subsection.22.9.3}{Konstruktoren}{section.22.9}% 575
\BOOKMARK [2][-]{subsection.22.9.4}{Methoden}{section.22.9}% 576
